<?xml version="1.0" encoding="UTF-8"?>
<testng-results skipped="0" failed="0" ignored="0" total="1" passed="1">
  <reporter-output>
  </reporter-output>
  <suite name="Default suite" duration-ms="38209" started-at="2022-06-16T17:06:56 IST" finished-at="2022-06-16T17:07:35 IST">
    <groups>
    </groups>
    <test name="Default test" duration-ms="38209" started-at="2022-06-16T17:06:56 IST" finished-at="2022-06-16T17:07:35 IST">
      <class name="com.qa.testcases.StaffViewTestCase">
        <test-method status="PASS" signature="setUp()[pri:0, instance:com.qa.testcases.StaffViewTestCase@2353b3e6]" name="setUp" is-config="true" duration-ms="16516" started-at="2022-06-16T17:06:56 IST" finished-at="2022-06-16T17:07:13 IST">
          <reporter-output>
          </reporter-output>
        </test-method> <!-- setUp -->
        <test-method status="PASS" signature="staffViewPublishShiftTest()[pri:1, instance:com.qa.testcases.StaffViewTestCase@2353b3e6]" name="staffViewPublishShiftTest" duration-ms="21640" started-at="2022-06-16T17:07:13 IST" finished-at="2022-06-16T17:07:35 IST">
          <reporter-output>
          </reporter-output>
        </test-method> <!-- staffViewPublishShiftTest -->
      </class> <!-- com.qa.testcases.StaffViewTestCase -->
    </test> <!-- Default test -->
  </suite> <!-- Default suite -->
</testng-results>
